<?xml version="1.0" encoding="UTF-8"?>
<testng-results skipped="0" failed="1" total="14" passed="13">
  <reporter-output>
  </reporter-output>
  <suite name="Default suite" duration-ms="5039" started-at="2011-12-02T09:54:24Z" finished-at="2011-12-02T09:54:29Z">
    <groups>
    </groups>
    <test name="Default test" duration-ms="5039" started-at="2011-12-02T09:54:24Z" finished-at="2011-12-02T09:54:29Z">
      <class name="javateam2.LRUMapTest">
        <test-method status="PASS" signature="testConstructorException()" name="testConstructorException" duration-ms="16" started-at="2011-12-02T09:54:24Z" finished-at="2011-12-02T09:54:24Z">
        </test-method>
        <test-method status="FAIL" signature="testDiscardAsTime()" name="testDiscardAsTime" duration-ms="5007" started-at="2011-12-02T09:54:24Z" finished-at="2011-12-02T09:54:29Z">
          <exception class="java.lang.AssertionError">
            <message>
              <![CDATA[expected:<null> but was:<1st>]]>
            </message>
            <full-stacktrace>
              <![CDATA[java.lang.AssertionError: expected:<null> but was:<1st>
	at org.testng.AssertJUnit.assertEquals(AssertJUnit.java:101)
	at org.testng.AssertJUnit.assertEquals(AssertJUnit.java:108)
	at javateam2.LRUMapTest.testDiscardAsTime(LRUMapTest.java:135)
	at sun.reflect.NativeMethodAccessorImpl.invoke0(Native Method)
	at sun.reflect.NativeMethodAccessorImpl.invoke(NativeMethodAccessorImpl.java:39)
	at sun.reflect.DelegatingMethodAccessorImpl.invoke(DelegatingMethodAccessorImpl.java:25)
	at java.lang.reflect.Method.invoke(Method.java:597)
	at org.testng.internal.MethodInvocationHelper.invokeMethod(MethodInvocationHelper.java:80)
	at org.testng.internal.Invoker.invokeMethod(Invoker.java:676)
	at org.testng.internal.Invoker.invokeTestMethod(Invoker.java:845)
	at org.testng.internal.Invoker.invokeTestMethods(Invoker.java:1169)
	at org.testng.internal.TestMethodWorker.invokeTestMethods(TestMethodWorker.java:125)
	at org.testng.internal.TestMethodWorker.run(TestMethodWorker.java:109)
	at org.testng.TestRunner.runWorkers(TestRunner.java:1182)
	at org.testng.TestRunner.privateRun(TestRunner.java:761)
	at org.testng.TestRunner.run(TestRunner.java:612)
	at org.testng.SuiteRunner.runTest(SuiteRunner.java:335)
	at org.testng.SuiteRunner.runSequentially(SuiteRunner.java:330)
	at org.testng.SuiteRunner.privateRun(SuiteRunner.java:292)
	at org.testng.SuiteRunner.run(SuiteRunner.java:241)
	at org.testng.SuiteRunnerWorker.runSuite(SuiteRunnerWorker.java:52)
	at org.testng.SuiteRunnerWorker.run(SuiteRunnerWorker.java:86)
	at org.testng.TestNG.runSuitesSequentially(TestNG.java:1169)
	at org.testng.TestNG.runSuitesLocally(TestNG.java:1094)
	at org.testng.TestNG.run(TestNG.java:1006)
	at org.testng.remote.RemoteTestNG.run(RemoteTestNG.java:107)
	at org.testng.remote.RemoteTestNG.initAndRun(RemoteTestNG.java:199)
	at org.testng.remote.RemoteTestNG.main(RemoteTestNG.java:170)
]]>
            </full-stacktrace>
          </exception>
        </test-method>
        <test-method status="PASS" signature="testConstructorType1()" name="testConstructorType1" duration-ms="0" started-at="2011-12-02T09:54:24Z" finished-at="2011-12-02T09:54:24Z">
        </test-method>
        <test-method status="PASS" signature="testConstructorType2()" name="testConstructorType2" duration-ms="0" started-at="2011-12-02T09:54:24Z" finished-at="2011-12-02T09:54:24Z">
        </test-method>
        <test-method status="PASS" signature="testConstructorSize()" name="testConstructorSize" duration-ms="0" started-at="2011-12-02T09:54:24Z" finished-at="2011-12-02T09:54:24Z">
        </test-method>
        <test-method status="PASS" signature="testPut()" name="testPut" duration-ms="0" started-at="2011-12-02T09:54:29Z" finished-at="2011-12-02T09:54:29Z">
        </test-method>
        <test-method status="PASS" signature="testGetNull2()" name="testGetNull2" duration-ms="0" started-at="2011-12-02T09:54:29Z" finished-at="2011-12-02T09:54:29Z">
        </test-method>
        <test-method status="PASS" signature="testResize2()" name="testResize2" duration-ms="16" started-at="2011-12-02T09:54:29Z" finished-at="2011-12-02T09:54:29Z">
        </test-method>
        <test-method status="PASS" signature="testPutSameKey()" name="testPutSameKey" duration-ms="0" started-at="2011-12-02T09:54:29Z" finished-at="2011-12-02T09:54:29Z">
        </test-method>
        <test-method status="PASS" signature="testGetNull()" name="testGetNull" duration-ms="0" started-at="2011-12-02T09:54:29Z" finished-at="2011-12-02T09:54:29Z">
        </test-method>
        <test-method status="PASS" signature="testResize()" name="testResize" duration-ms="0" started-at="2011-12-02T09:54:29Z" finished-at="2011-12-02T09:54:29Z">
        </test-method>
        <test-method status="PASS" signature="testSize()" name="testSize" duration-ms="0" started-at="2011-12-02T09:54:29Z" finished-at="2011-12-02T09:54:29Z">
        </test-method>
        <test-method status="PASS" signature="testSize3()" name="testSize3" duration-ms="0" started-at="2011-12-02T09:54:29Z" finished-at="2011-12-02T09:54:29Z">
        </test-method>
        <test-method status="PASS" signature="testResize3()" name="testResize3" duration-ms="0" started-at="2011-12-02T09:54:29Z" finished-at="2011-12-02T09:54:29Z">
        </test-method>
      </class>
    </test>
  </suite>
</testng-results>
